<?xml version="1.0" encoding="UTF-8"?>
<testsuite xmlns:xsi="http://www.w3.org/2001/XMLSchema-instance" xsi:noNamespaceSchemaLocation="https://maven.apache.org/surefire/maven-surefire-plugin/xsd/surefire-test-report-3.0.xsd" version="3.0" name="TestSuite" time="3.782" tests="3" errors="0" skipped="0" failures="0">
  <properties>
[...]
</properties>
  <testcase name="check_for_empty_fc_users" classname="Tests.Todo" time="0.001">
    <system-out><![CDATA[List of all users who are part of FanCode --> [1, 5, 10]
]]></system-out>
  </testcase>
  <testcase name="check_for_empty_todo" classname="Tests.Todo" time="0"/>
  <testcase name="check_all_fc_users_percentage_to_be_above_50" classname="Tests.Todo" time="0"/>
</testsuite>