<?xml version="1.0" encoding="UTF-8"?>
<testng-results skipped="0" failed="0" ignored="1" total="4" passed="3">
  <reporter-output>
  </reporter-output>
  <suite name="All Test Suite" duration-ms="52877" started-at="2021-07-17T15:11:46Z" finished-at="2021-07-17T15:12:38Z">
    <groups>
    </groups>
    <test name="C:/Users/vishal/IdeaProjects/asignmentvishalthakur/src" duration-ms="52877" started-at="2021-07-17T15:11:46Z" finished-at="2021-07-17T15:12:38Z">
      <class name="Tests.test001">
        <test-method status="PASS" signature="setup()[pri:0, instance:Tests.test001@59e84876]" name="setup" is-config="true" duration-ms="2630" started-at="2021-07-17T15:11:46Z" finished-at="2021-07-17T15:11:48Z">
          <reporter-output>
          </reporter-output>
        </test-method> <!-- setup -->
        <test-method status="PASS" signature="findPrize()[pri:0, instance:Tests.test001@59e84876]" name="findPrize" duration-ms="13208" started-at="2021-07-17T15:11:48Z" finished-at="2021-07-17T15:12:01Z">
          <reporter-output>
          </reporter-output>
        </test-method> <!-- findPrize -->
        <test-method status="PASS" signature="teardown()[pri:0, instance:Tests.test001@59e84876]" name="teardown" is-config="true" duration-ms="822" started-at="2021-07-17T15:12:01Z" finished-at="2021-07-17T15:12:02Z">
          <reporter-output>
          </reporter-output>
        </test-method> <!-- teardown -->
        <test-method status="PASS" signature="finalVerdict()[pri:0, instance:Tests.test001@59e84876]" name="finalVerdict" is-config="true" duration-ms="0" started-at="2021-07-17T15:12:38Z" finished-at="2021-07-17T15:12:38Z">
          <reporter-output>
          </reporter-output>
        </test-method> <!-- finalVerdict -->
      </class> <!-- Tests.test001 -->
      <class name="Tests.test002">
        <test-method status="PASS" signature="setup()[pri:0, instance:Tests.test002@61a485d2]" name="setup" is-config="true" duration-ms="1429" started-at="2021-07-17T15:12:02Z" finished-at="2021-07-17T15:12:04Z">
          <reporter-output>
          </reporter-output>
        </test-method> <!-- setup -->
        <test-method status="PASS" signature="findPrizeAMA()[pri:0, instance:Tests.test002@61a485d2]" name="findPrizeAMA" duration-ms="18570" started-at="2021-07-17T15:12:04Z" finished-at="2021-07-17T15:12:22Z">
          <reporter-output>
          </reporter-output>
        </test-method> <!-- findPrizeAMA -->
        <test-method status="PASS" signature="teardown()[pri:0, instance:Tests.test002@61a485d2]" name="teardown" is-config="true" duration-ms="825" started-at="2021-07-17T15:12:22Z" finished-at="2021-07-17T15:12:23Z">
          <reporter-output>
          </reporter-output>
        </test-method> <!-- teardown -->
        <test-method status="PASS" signature="setup()[pri:0, instance:Tests.test002@61a485d2]" name="setup" is-config="true" duration-ms="1459" started-at="2021-07-17T15:12:23Z" finished-at="2021-07-17T15:12:24Z">
          <reporter-output>
          </reporter-output>
        </test-method> <!-- setup -->
        <test-method status="PASS" signature="findPrizeFLIP()[pri:0, instance:Tests.test002@61a485d2]" name="findPrizeFLIP" duration-ms="13067" started-at="2021-07-17T15:12:24Z" finished-at="2021-07-17T15:12:38Z">
          <reporter-output>
          </reporter-output>
        </test-method> <!-- findPrizeFLIP -->
        <test-method status="PASS" signature="teardown()[pri:0, instance:Tests.test002@61a485d2]" name="teardown" is-config="true" duration-ms="839" started-at="2021-07-17T15:12:38Z" finished-at="2021-07-17T15:12:38Z">
          <reporter-output>
          </reporter-output>
        </test-method> <!-- teardown -->
      </class> <!-- Tests.test002 -->
    </test> <!-- C:/Users/vishal/IdeaProjects/asignmentvishalthakur/src -->
  </suite> <!-- All Test Suite -->
</testng-results>
